{"/Users/stata/revolut/client/src/index.tsx": {"path":"/Users/stata/revolut/client/src/index.tsx","statementMap":{"0":{"start":{"line":2,"column":0},"end":{"line":2,"column":62}},"1":{"start":{"line":3,"column":14},"end":{"line":3,"column":30}},"2":{"start":{"line":4,"column":17},"end":{"line":4,"column":37}},"3":{"start":{"line":5,"column":22},"end":{"line":5,"column":44}},"4":{"start":{"line":6,"column":16},"end":{"line":6,"column":34}},"5":{"start":{"line":7,"column":19},"end":{"line":7,"column":51}},"6":{"start":{"line":10,"column":8},"end":{"line":11,"column":60}},"7":{"start":{"line":14,"column":0},"end":{"line":14,"column":18}},"8":{"start":{"line":15,"column":0},"end":{"line":15,"column":80}}},"fnMap":{"0":{"name":"(anonymous_0)","decl":{"start":{"line":9,"column":4},"end":{"line":9,"column":5}},"loc":{"start":{"line":9,"column":13},"end":{"line":12,"column":5}},"line":9}},"branchMap":{},"s":{"0":0,"1":0,"2":0,"3":0,"4":0,"5":0,"6":0,"7":0,"8":0},"f":{"0":0},"b":{},"hash":"e16545a04ef782a18ca6be07718f12ff15f6ecfc"}
,"/Users/stata/revolut/client/src/store.ts": {"path":"/Users/stata/revolut/client/src/store.ts","statementMap":{"0":{"start":{"line":2,"column":0},"end":{"line":2,"column":62}},"1":{"start":{"line":3,"column":16},"end":{"line":3,"column":32}},"2":{"start":{"line":4,"column":22},"end":{"line":4,"column":44}},"3":{"start":{"line":5,"column":22},"end":{"line":5,"column":55}},"4":{"start":{"line":6,"column":21},"end":{"line":6,"column":23}},"5":{"start":{"line":7,"column":19},"end":{"line":7,"column":42}},"6":{"start":{"line":8,"column":14},"end":{"line":8,"column":127}},"7":{"start":{"line":9,"column":0},"end":{"line":9,"column":24}}},"fnMap":{},"branchMap":{},"s":{"0":0,"1":0,"2":0,"3":0,"4":0,"5":0,"6":0,"7":0},"f":{},"b":{},"hash":"b7fb49539a0da13b4824b10415a3b46bfc8c2e16"}
,"/Users/stata/revolut/client/src/actions/exchange.ts": {"path":"/Users/stata/revolut/client/src/actions/exchange.ts","statementMap":{"0":{"start":{"line":2,"column":0},"end":{"line":2,"column":62}},"1":{"start":{"line":3,"column":0},"end":{"line":3,"column":32}},"2":{"start":{"line":4,"column":16},"end":{"line":4,"column":34}},"3":{"start":{"line":5,"column":18},"end":{"line":5,"column":38}},"4":{"start":{"line":6,"column":0},"end":{"line":11,"column":2}},"5":{"start":{"line":7,"column":4},"end":{"line":10,"column":6}},"6":{"start":{"line":12,"column":0},"end":{"line":22,"column":2}},"7":{"start":{"line":12,"column":41},"end":{"line":22,"column":1}},"8":{"start":{"line":13,"column":39},"end":{"line":13,"column":47}},"9":{"start":{"line":14,"column":4},"end":{"line":21,"column":7}},"10":{"start":{"line":15,"column":26},"end":{"line":15,"column":41}},"11":{"start":{"line":17,"column":8},"end":{"line":17,"column":60}},"12":{"start":{"line":20,"column":8},"end":{"line":20,"column":27}},"13":{"start":{"line":23,"column":0},"end":{"line":27,"column":2}},"14":{"start":{"line":24,"column":4},"end":{"line":26,"column":6}},"15":{"start":{"line":28,"column":0},"end":{"line":33,"column":2}},"16":{"start":{"line":29,"column":4},"end":{"line":32,"column":6}},"17":{"start":{"line":34,"column":0},"end":{"line":38,"column":2}},"18":{"start":{"line":35,"column":4},"end":{"line":37,"column":6}},"19":{"start":{"line":39,"column":0},"end":{"line":43,"column":2}},"20":{"start":{"line":40,"column":4},"end":{"line":42,"column":6}},"21":{"start":{"line":44,"column":0},"end":{"line":48,"column":2}},"22":{"start":{"line":45,"column":4},"end":{"line":47,"column":6}},"23":{"start":{"line":49,"column":0},"end":{"line":53,"column":2}},"24":{"start":{"line":50,"column":4},"end":{"line":52,"column":6}},"25":{"start":{"line":54,"column":0},"end":{"line":66,"column":2}},"26":{"start":{"line":54,"column":70},"end":{"line":66,"column":1}},"27":{"start":{"line":55,"column":4},"end":{"line":59,"column":7}},"28":{"start":{"line":60,"column":4},"end":{"line":65,"column":5}},"29":{"start":{"line":61,"column":8},"end":{"line":61,"column":49}},"30":{"start":{"line":64,"column":8},"end":{"line":64,"column":50}},"31":{"start":{"line":67,"column":0},"end":{"line":79,"column":2}},"32":{"start":{"line":67,"column":70},"end":{"line":79,"column":1}},"33":{"start":{"line":68,"column":4},"end":{"line":72,"column":7}},"34":{"start":{"line":73,"column":4},"end":{"line":78,"column":5}},"35":{"start":{"line":74,"column":8},"end":{"line":74,"column":49}},"36":{"start":{"line":77,"column":8},"end":{"line":77,"column":50}},"37":{"start":{"line":80,"column":0},"end":{"line":107,"column":2}},"38":{"start":{"line":80,"column":92},"end":{"line":107,"column":1}},"39":{"start":{"line":81,"column":4},"end":{"line":106,"column":5}},"40":{"start":{"line":82,"column":8},"end":{"line":84,"column":11}},"41":{"start":{"line":85,"column":31},"end":{"line":91,"column":14}},"42":{"start":{"line":92,"column":8},"end":{"line":100,"column":9}},"43":{"start":{"line":93,"column":12},"end":{"line":93,"column":62}},"44":{"start":{"line":94,"column":12},"end":{"line":94,"column":45}},"45":{"start":{"line":97,"column":12},"end":{"line":99,"column":15}},"46":{"start":{"line":103,"column":8},"end":{"line":105,"column":11}}},"fnMap":{"0":{"name":"(anonymous_0)","decl":{"start":{"line":6,"column":34},"end":{"line":6,"column":35}},"loc":{"start":{"line":6,"column":48},"end":{"line":11,"column":1}},"line":6},"1":{"name":"(anonymous_1)","decl":{"start":{"line":12,"column":27},"end":{"line":12,"column":28}},"loc":{"start":{"line":12,"column":41},"end":{"line":22,"column":1}},"line":12},"2":{"name":"(anonymous_2)","decl":{"start":{"line":12,"column":41},"end":{"line":12,"column":42}},"loc":{"start":{"line":12,"column":55},"end":{"line":22,"column":1}},"line":12},"3":{"name":"(anonymous_3)","decl":{"start":{"line":15,"column":14},"end":{"line":15,"column":15}},"loc":{"start":{"line":15,"column":26},"end":{"line":15,"column":41}},"line":15},"4":{"name":"(anonymous_4)","decl":{"start":{"line":16,"column":14},"end":{"line":16,"column":15}},"loc":{"start":{"line":16,"column":26},"end":{"line":18,"column":5}},"line":16},"5":{"name":"(anonymous_5)","decl":{"start":{"line":19,"column":15},"end":{"line":19,"column":16}},"loc":{"start":{"line":19,"column":32},"end":{"line":21,"column":5}},"line":19},"6":{"name":"(anonymous_6)","decl":{"start":{"line":23,"column":23},"end":{"line":23,"column":24}},"loc":{"start":{"line":23,"column":29},"end":{"line":27,"column":1}},"line":23},"7":{"name":"(anonymous_7)","decl":{"start":{"line":28,"column":28},"end":{"line":28,"column":29}},"loc":{"start":{"line":28,"column":40},"end":{"line":33,"column":1}},"line":28},"8":{"name":"(anonymous_8)","decl":{"start":{"line":34,"column":40},"end":{"line":34,"column":41}},"loc":{"start":{"line":34,"column":46},"end":{"line":38,"column":1}},"line":34},"9":{"name":"(anonymous_9)","decl":{"start":{"line":39,"column":36},"end":{"line":39,"column":37}},"loc":{"start":{"line":39,"column":42},"end":{"line":43,"column":1}},"line":39},"10":{"name":"(anonymous_10)","decl":{"start":{"line":44,"column":31},"end":{"line":44,"column":32}},"loc":{"start":{"line":44,"column":37},"end":{"line":48,"column":1}},"line":44},"11":{"name":"(anonymous_11)","decl":{"start":{"line":49,"column":32},"end":{"line":49,"column":33}},"loc":{"start":{"line":49,"column":38},"end":{"line":53,"column":1}},"line":49},"12":{"name":"(anonymous_12)","decl":{"start":{"line":54,"column":29},"end":{"line":54,"column":30}},"loc":{"start":{"line":54,"column":70},"end":{"line":66,"column":1}},"line":54},"13":{"name":"(anonymous_13)","decl":{"start":{"line":54,"column":70},"end":{"line":54,"column":71}},"loc":{"start":{"line":54,"column":84},"end":{"line":66,"column":1}},"line":54},"14":{"name":"(anonymous_14)","decl":{"start":{"line":67,"column":33},"end":{"line":67,"column":34}},"loc":{"start":{"line":67,"column":70},"end":{"line":79,"column":1}},"line":67},"15":{"name":"(anonymous_15)","decl":{"start":{"line":67,"column":70},"end":{"line":67,"column":71}},"loc":{"start":{"line":67,"column":84},"end":{"line":79,"column":1}},"line":67},"16":{"name":"(anonymous_16)","decl":{"start":{"line":80,"column":27},"end":{"line":80,"column":28}},"loc":{"start":{"line":80,"column":92},"end":{"line":107,"column":1}},"line":80},"17":{"name":"(anonymous_17)","decl":{"start":{"line":80,"column":92},"end":{"line":80,"column":93}},"loc":{"start":{"line":80,"column":106},"end":{"line":107,"column":1}},"line":80}},"branchMap":{"0":{"loc":{"start":{"line":60,"column":4},"end":{"line":65,"column":5}},"type":"if","locations":[{"start":{"line":60,"column":4},"end":{"line":65,"column":5}},{"start":{"line":60,"column":4},"end":{"line":65,"column":5}}],"line":60},"1":{"loc":{"start":{"line":60,"column":8},"end":{"line":60,"column":57}},"type":"binary-expr","locations":[{"start":{"line":60,"column":8},"end":{"line":60,"column":24}},{"start":{"line":60,"column":28},"end":{"line":60,"column":57}}],"line":60},"2":{"loc":{"start":{"line":73,"column":4},"end":{"line":78,"column":5}},"type":"if","locations":[{"start":{"line":73,"column":4},"end":{"line":78,"column":5}},{"start":{"line":73,"column":4},"end":{"line":78,"column":5}}],"line":73},"3":{"loc":{"start":{"line":73,"column":8},"end":{"line":73,"column":49}},"type":"binary-expr","locations":[{"start":{"line":73,"column":8},"end":{"line":73,"column":20}},{"start":{"line":73,"column":24},"end":{"line":73,"column":49}}],"line":73},"4":{"loc":{"start":{"line":81,"column":4},"end":{"line":106,"column":5}},"type":"if","locations":[{"start":{"line":81,"column":4},"end":{"line":106,"column":5}},{"start":{"line":81,"column":4},"end":{"line":106,"column":5}}],"line":81}},"s":{"0":2,"1":2,"2":2,"3":2,"4":2,"5":1,"6":2,"7":1,"8":1,"9":1,"10":1,"11":1,"12":0,"13":2,"14":2,"15":2,"16":1,"17":2,"18":1,"19":2,"20":1,"21":2,"22":2,"23":2,"24":4,"25":2,"26":3,"27":3,"28":3,"29":1,"30":2,"31":2,"32":3,"33":3,"34":3,"35":1,"36":2,"37":2,"38":2,"39":2,"40":1,"41":1,"42":1,"43":1,"44":1,"45":0,"46":1},"f":{"0":1,"1":1,"2":1,"3":1,"4":1,"5":0,"6":2,"7":1,"8":1,"9":1,"10":2,"11":4,"12":3,"13":3,"14":3,"15":3,"16":2,"17":2},"b":{"0":[1,2],"1":[3,2],"2":[1,2],"3":[3,2],"4":[1,1]},"_coverageSchema":"43e27e138ebf9cfc5966b082cf9a028302ed4184","hash":"dd6b1435f54e36a30497f2a0385bfe8d92ad8850"}
,"/Users/stata/revolut/client/src/actions/types.ts": {"path":"/Users/stata/revolut/client/src/actions/types.ts","statementMap":{"0":{"start":{"line":2,"column":0},"end":{"line":2,"column":62}},"1":{"start":{"line":3,"column":0},"end":{"line":3,"column":50}},"2":{"start":{"line":4,"column":0},"end":{"line":4,"column":44}},"3":{"start":{"line":5,"column":0},"end":{"line":5,"column":52}},"4":{"start":{"line":6,"column":0},"end":{"line":6,"column":36}},"5":{"start":{"line":7,"column":0},"end":{"line":7,"column":42}},"6":{"start":{"line":8,"column":0},"end":{"line":8,"column":78}},"7":{"start":{"line":9,"column":0},"end":{"line":9,"column":70}},"8":{"start":{"line":10,"column":0},"end":{"line":10,"column":54}},"9":{"start":{"line":11,"column":0},"end":{"line":11,"column":62}},"10":{"start":{"line":12,"column":0},"end":{"line":12,"column":58}},"11":{"start":{"line":13,"column":0},"end":{"line":13,"column":60}},"12":{"start":{"line":14,"column":0},"end":{"line":14,"column":48}},"13":{"start":{"line":15,"column":0},"end":{"line":15,"column":62}},"14":{"start":{"line":16,"column":0},"end":{"line":16,"column":54}}},"fnMap":{},"branchMap":{},"s":{"0":5,"1":5,"2":5,"3":5,"4":5,"5":5,"6":5,"7":5,"8":5,"9":5,"10":5,"11":5,"12":5,"13":5,"14":5},"f":{},"b":{},"_coverageSchema":"43e27e138ebf9cfc5966b082cf9a028302ed4184","hash":"89ce99187fc053736ad9da279e074454dd0e10ff"}
,"/Users/stata/revolut/client/src/actions/wallets.ts": {"path":"/Users/stata/revolut/client/src/actions/wallets.ts","statementMap":{"0":{"start":{"line":2,"column":0},"end":{"line":2,"column":62}},"1":{"start":{"line":3,"column":0},"end":{"line":3,"column":32}},"2":{"start":{"line":4,"column":16},"end":{"line":4,"column":34}},"3":{"start":{"line":5,"column":0},"end":{"line":19,"column":2}},"4":{"start":{"line":5,"column":27},"end":{"line":19,"column":1}},"5":{"start":{"line":6,"column":4},"end":{"line":18,"column":7}},"6":{"start":{"line":7,"column":26},"end":{"line":7,"column":41}},"7":{"start":{"line":10,"column":8},"end":{"line":13,"column":11}},"8":{"start":{"line":17,"column":8},"end":{"line":17,"column":27}},"9":{"start":{"line":20,"column":0},"end":{"line":25,"column":2}},"10":{"start":{"line":20,"column":42},"end":{"line":25,"column":1}},"11":{"start":{"line":21,"column":4},"end":{"line":24,"column":7}}},"fnMap":{"0":{"name":"(anonymous_0)","decl":{"start":{"line":5,"column":21},"end":{"line":5,"column":22}},"loc":{"start":{"line":5,"column":27},"end":{"line":19,"column":1}},"line":5},"1":{"name":"(anonymous_1)","decl":{"start":{"line":5,"column":27},"end":{"line":5,"column":28}},"loc":{"start":{"line":5,"column":41},"end":{"line":19,"column":1}},"line":5},"2":{"name":"(anonymous_2)","decl":{"start":{"line":7,"column":14},"end":{"line":7,"column":15}},"loc":{"start":{"line":7,"column":26},"end":{"line":7,"column":41}},"line":7},"3":{"name":"(anonymous_3)","decl":{"start":{"line":8,"column":14},"end":{"line":8,"column":15}},"loc":{"start":{"line":8,"column":26},"end":{"line":14,"column":5}},"line":8},"4":{"name":"(anonymous_4)","decl":{"start":{"line":15,"column":15},"end":{"line":15,"column":16}},"loc":{"start":{"line":15,"column":32},"end":{"line":18,"column":5}},"line":15},"5":{"name":"(anonymous_5)","decl":{"start":{"line":20,"column":24},"end":{"line":20,"column":25}},"loc":{"start":{"line":20,"column":42},"end":{"line":25,"column":1}},"line":20},"6":{"name":"(anonymous_6)","decl":{"start":{"line":20,"column":42},"end":{"line":20,"column":43}},"loc":{"start":{"line":20,"column":56},"end":{"line":25,"column":1}},"line":20}},"branchMap":{},"s":{"0":3,"1":3,"2":3,"3":3,"4":1,"5":1,"6":1,"7":1,"8":0,"9":3,"10":2,"11":2},"f":{"0":1,"1":1,"2":1,"3":1,"4":0,"5":2,"6":2},"b":{},"_coverageSchema":"43e27e138ebf9cfc5966b082cf9a028302ed4184","hash":"837b8fadc40cdeff23f98eeb140782d88549f489"}
,"/Users/stata/revolut/client/src/components/exchange/exchange.tsx": {"path":"/Users/stata/revolut/client/src/components/exchange/exchange.tsx","statementMap":{"0":{"start":{"line":2,"column":0},"end":{"line":2,"column":62}},"1":{"start":{"line":3,"column":14},"end":{"line":3,"column":30}},"2":{"start":{"line":4,"column":21},"end":{"line":4,"column":56}},"3":{"start":{"line":5,"column":15},"end":{"line":5,"column":38}},"4":{"start":{"line":6,"column":23},"end":{"line":6,"column":62}},"5":{"start":{"line":7,"column":0},"end":{"line":7,"column":27}},"6":{"start":{"line":8,"column":19},"end":{"line":8,"column":37}},"7":{"start":{"line":9,"column":17},"end":{"line":9,"column":22}},"8":{"start":{"line":12,"column":8},"end":{"line":12,"column":28}},"9":{"start":{"line":13,"column":8},"end":{"line":13,"column":37}},"10":{"start":{"line":16,"column":8},"end":{"line":16,"column":40}},"11":{"start":{"line":19,"column":8},"end":{"line":19,"column":74}},"12":{"start":{"line":20,"column":8},"end":{"line":22,"column":21}},"13":{"start":{"line":21,"column":12},"end":{"line":21,"column":78}},"14":{"start":{"line":25,"column":8},"end":{"line":25,"column":40}},"15":{"start":{"line":26,"column":8},"end":{"line":26,"column":86}},"16":{"start":{"line":27,"column":8},"end":{"line":27,"column":100}},"17":{"start":{"line":30,"column":8},"end":{"line":30,"column":40}},"18":{"start":{"line":31,"column":8},"end":{"line":31,"column":86}},"19":{"start":{"line":32,"column":8},"end":{"line":32,"column":92}},"20":{"start":{"line":35,"column":20},"end":{"line":35,"column":34}},"21":{"start":{"line":36,"column":8},"end":{"line":41,"column":9}},"22":{"start":{"line":37,"column":39},"end":{"line":37,"column":67}},"23":{"start":{"line":38,"column":12},"end":{"line":40,"column":13}},"24":{"start":{"line":39,"column":16},"end":{"line":39,"column":62}},"25":{"start":{"line":42,"column":8},"end":{"line":42,"column":44}},"26":{"start":{"line":45,"column":81},"end":{"line":45,"column":91}},"27":{"start":{"line":46,"column":8},"end":{"line":46,"column":97}},"28":{"start":{"line":49,"column":8},"end":{"line":74,"column":150}},"29":{"start":{"line":54,"column":229},"end":{"line":54,"column":267}},"30":{"start":{"line":54,"column":346},"end":{"line":54,"column":389}},"31":{"start":{"line":59,"column":129},"end":{"line":59,"column":158}},"32":{"start":{"line":62,"column":237},"end":{"line":62,"column":279}},"33":{"start":{"line":62,"column":362},"end":{"line":62,"column":403}},"34":{"start":{"line":71,"column":121},"end":{"line":71,"column":142}},"35":{"start":{"line":73,"column":98},"end":{"line":73,"column":119}},"36":{"start":{"line":77,"column":0},"end":{"line":77,"column":28}}},"fnMap":{"0":{"name":"(anonymous_0)","decl":{"start":{"line":11,"column":4},"end":{"line":11,"column":5}},"loc":{"start":{"line":11,"column":18},"end":{"line":14,"column":5}},"line":11},"1":{"name":"(anonymous_1)","decl":{"start":{"line":15,"column":4},"end":{"line":15,"column":5}},"loc":{"start":{"line":15,"column":27},"end":{"line":17,"column":5}},"line":15},"2":{"name":"(anonymous_2)","decl":{"start":{"line":18,"column":4},"end":{"line":18,"column":5}},"loc":{"start":{"line":18,"column":49},"end":{"line":23,"column":5}},"line":18},"3":{"name":"(anonymous_3)","decl":{"start":{"line":20,"column":39},"end":{"line":20,"column":40}},"loc":{"start":{"line":20,"column":45},"end":{"line":22,"column":9}},"line":20},"4":{"name":"(anonymous_4)","decl":{"start":{"line":24,"column":4},"end":{"line":24,"column":5}},"loc":{"start":{"line":24,"column":43},"end":{"line":28,"column":5}},"line":24},"5":{"name":"(anonymous_5)","decl":{"start":{"line":29,"column":4},"end":{"line":29,"column":5}},"loc":{"start":{"line":29,"column":41},"end":{"line":33,"column":5}},"line":29},"6":{"name":"(anonymous_6)","decl":{"start":{"line":34,"column":4},"end":{"line":34,"column":5}},"loc":{"start":{"line":34,"column":29},"end":{"line":43,"column":5}},"line":34},"7":{"name":"(anonymous_7)","decl":{"start":{"line":44,"column":4},"end":{"line":44,"column":5}},"loc":{"start":{"line":44,"column":21},"end":{"line":47,"column":5}},"line":44},"8":{"name":"(anonymous_8)","decl":{"start":{"line":48,"column":4},"end":{"line":48,"column":5}},"loc":{"start":{"line":48,"column":13},"end":{"line":75,"column":5}},"line":48},"9":{"name":"(anonymous_9)","decl":{"start":{"line":54,"column":223},"end":{"line":54,"column":224}},"loc":{"start":{"line":54,"column":229},"end":{"line":54,"column":267}},"line":54},"10":{"name":"(anonymous_10)","decl":{"start":{"line":54,"column":323},"end":{"line":54,"column":324}},"loc":{"start":{"line":54,"column":346},"end":{"line":54,"column":389}},"line":54},"11":{"name":"(anonymous_11)","decl":{"start":{"line":59,"column":122},"end":{"line":59,"column":123}},"loc":{"start":{"line":59,"column":129},"end":{"line":59,"column":158}},"line":59},"12":{"name":"(anonymous_12)","decl":{"start":{"line":62,"column":231},"end":{"line":62,"column":232}},"loc":{"start":{"line":62,"column":237},"end":{"line":62,"column":279}},"line":62},"13":{"name":"(anonymous_13)","decl":{"start":{"line":62,"column":339},"end":{"line":62,"column":340}},"loc":{"start":{"line":62,"column":362},"end":{"line":62,"column":403}},"line":62},"14":{"name":"(anonymous_14)","decl":{"start":{"line":71,"column":115},"end":{"line":71,"column":116}},"loc":{"start":{"line":71,"column":121},"end":{"line":71,"column":142}},"line":71},"15":{"name":"(anonymous_15)","decl":{"start":{"line":73,"column":92},"end":{"line":73,"column":93}},"loc":{"start":{"line":73,"column":98},"end":{"line":73,"column":119}},"line":73}},"branchMap":{"0":{"loc":{"start":{"line":27,"column":8},"end":{"line":27,"column":99}},"type":"binary-expr","locations":[{"start":{"line":27,"column":8},"end":{"line":27,"column":35}},{"start":{"line":27,"column":39},"end":{"line":27,"column":99}}],"line":27},"1":{"loc":{"start":{"line":32,"column":8},"end":{"line":32,"column":91}},"type":"binary-expr","locations":[{"start":{"line":32,"column":8},"end":{"line":32,"column":31}},{"start":{"line":32,"column":35},"end":{"line":32,"column":91}}],"line":32},"2":{"loc":{"start":{"line":36,"column":8},"end":{"line":41,"column":9}},"type":"if","locations":[{"start":{"line":36,"column":8},"end":{"line":41,"column":9}},{"start":{"line":36,"column":8},"end":{"line":41,"column":9}}],"line":36},"3":{"loc":{"start":{"line":38,"column":12},"end":{"line":40,"column":13}},"type":"if","locations":[{"start":{"line":38,"column":12},"end":{"line":40,"column":13}},{"start":{"line":38,"column":12},"end":{"line":40,"column":13}}],"line":38}},"s":{"0":3,"1":3,"2":3,"3":3,"4":3,"5":3,"6":3,"7":3,"8":6,"9":6,"10":0,"11":3,"12":3,"13":0,"14":2,"15":2,"16":2,"17":1,"18":1,"19":1,"20":1,"21":1,"22":0,"23":0,"24":0,"25":1,"26":2,"27":2,"28":6,"29":0,"30":0,"31":0,"32":0,"33":0,"34":1,"35":0,"36":3},"f":{"0":6,"1":0,"2":3,"3":0,"4":2,"5":1,"6":1,"7":2,"8":6,"9":0,"10":0,"11":0,"12":0,"13":0,"14":1,"15":0},"b":{"0":[2,2],"1":[1,1],"2":[0,1],"3":[0,0]},"_coverageSchema":"43e27e138ebf9cfc5966b082cf9a028302ed4184","hash":"cedbb7b799defdf52ad296f0ef7b8acb1056f7a2"}
,"/Users/stata/revolut/client/src/components/home/home.tsx": {"path":"/Users/stata/revolut/client/src/components/home/home.tsx","statementMap":{"0":{"start":{"line":2,"column":0},"end":{"line":2,"column":62}},"1":{"start":{"line":3,"column":14},"end":{"line":3,"column":30}},"2":{"start":{"line":4,"column":0},"end":{"line":4,"column":23}},"3":{"start":{"line":5,"column":18},"end":{"line":5,"column":46}},"4":{"start":{"line":6,"column":23},"end":{"line":6,"column":62}},"5":{"start":{"line":7,"column":19},"end":{"line":7,"column":50}},"6":{"start":{"line":8,"column":15},"end":{"line":8,"column":38}},"7":{"start":{"line":9,"column":27},"end":{"line":9,"column":70}},"8":{"start":{"line":10,"column":19},"end":{"line":10,"column":32}},"9":{"start":{"line":13,"column":8},"end":{"line":13,"column":32}},"10":{"start":{"line":16,"column":8},"end":{"line":16,"column":34}},"11":{"start":{"line":19,"column":263},"end":{"line":19,"column":273}},"12":{"start":{"line":20,"column":8},"end":{"line":30,"column":994}},"13":{"start":{"line":26,"column":113},"end":{"line":26,"column":131}},"14":{"start":{"line":33,"column":0},"end":{"line":33,"column":20}}},"fnMap":{"0":{"name":"(anonymous_0)","decl":{"start":{"line":12,"column":4},"end":{"line":12,"column":5}},"loc":{"start":{"line":12,"column":24},"end":{"line":14,"column":5}},"line":12},"1":{"name":"(anonymous_1)","decl":{"start":{"line":15,"column":4},"end":{"line":15,"column":5}},"loc":{"start":{"line":15,"column":18},"end":{"line":17,"column":5}},"line":15},"2":{"name":"(anonymous_2)","decl":{"start":{"line":18,"column":4},"end":{"line":18,"column":5}},"loc":{"start":{"line":18,"column":13},"end":{"line":31,"column":5}},"line":18},"3":{"name":"(anonymous_3)","decl":{"start":{"line":26,"column":107},"end":{"line":26,"column":108}},"loc":{"start":{"line":26,"column":113},"end":{"line":26,"column":131}},"line":26}},"branchMap":{"0":{"loc":{"start":{"line":22,"column":12},"end":{"line":28,"column":75}},"type":"binary-expr","locations":[{"start":{"line":22,"column":12},"end":{"line":22,"column":25}},{"start":{"line":23,"column":16},"end":{"line":28,"column":75}}],"line":22},"1":{"loc":{"start":{"line":29,"column":12},"end":{"line":30,"column":991}},"type":"binary-expr","locations":[{"start":{"line":29,"column":12},"end":{"line":29,"column":24}},{"start":{"line":30,"column":16},"end":{"line":30,"column":991}}],"line":29}},"s":{"0":2,"1":2,"2":2,"3":2,"4":2,"5":2,"6":2,"7":2,"8":2,"9":3,"10":0,"11":3,"12":3,"13":0,"14":2},"f":{"0":3,"1":0,"2":3,"3":0},"b":{"0":[3,2],"1":[3,1]},"_coverageSchema":"43e27e138ebf9cfc5966b082cf9a028302ed4184","hash":"448a6f7650b610548c464e11ab00c0e8f9110727"}
,"/Users/stata/revolut/client/src/components/select-box/select-box.tsx": {"path":"/Users/stata/revolut/client/src/components/select-box/select-box.tsx","statementMap":{"0":{"start":{"line":2,"column":0},"end":{"line":2,"column":62}},"1":{"start":{"line":3,"column":14},"end":{"line":3,"column":30}},"2":{"start":{"line":4,"column":0},"end":{"line":4,"column":29}},"3":{"start":{"line":5,"column":19},"end":{"line":5,"column":35}},"4":{"start":{"line":6,"column":0},"end":{"line":16,"column":2}},"5":{"start":{"line":7,"column":20},"end":{"line":11,"column":6}},"6":{"start":{"line":8,"column":8},"end":{"line":10,"column":71}},"7":{"start":{"line":8,"column":100},"end":{"line":8,"column":161}},"8":{"start":{"line":12,"column":4},"end":{"line":15,"column":86}},"9":{"start":{"line":13,"column":157},"end":{"line":13,"column":176}}},"fnMap":{"0":{"name":"(anonymous_0)","decl":{"start":{"line":6,"column":20},"end":{"line":6,"column":21}},"loc":{"start":{"line":6,"column":31},"end":{"line":16,"column":1}},"line":6},"1":{"name":"(anonymous_1)","decl":{"start":{"line":7,"column":38},"end":{"line":7,"column":39}},"loc":{"start":{"line":7,"column":50},"end":{"line":11,"column":5}},"line":7},"2":{"name":"(anonymous_2)","decl":{"start":{"line":8,"column":94},"end":{"line":8,"column":95}},"loc":{"start":{"line":8,"column":100},"end":{"line":8,"column":161}},"line":8},"3":{"name":"(anonymous_3)","decl":{"start":{"line":13,"column":151},"end":{"line":13,"column":152}},"loc":{"start":{"line":13,"column":157},"end":{"line":13,"column":176}},"line":13}},"branchMap":{"0":{"loc":{"start":{"line":14,"column":8},"end":{"line":15,"column":83}},"type":"binary-expr","locations":[{"start":{"line":14,"column":8},"end":{"line":14,"column":18}},{"start":{"line":15,"column":12},"end":{"line":15,"column":83}}],"line":14}},"s":{"0":4,"1":4,"2":4,"3":4,"4":4,"5":5,"6":10,"7":0,"8":5,"9":0},"f":{"0":5,"1":10,"2":0,"3":0},"b":{"0":[5,4]},"_coverageSchema":"43e27e138ebf9cfc5966b082cf9a028302ed4184","hash":"336b770458b4f387df967e62bca30c811cb9b0bb"}
,"/Users/stata/revolut/client/src/components/text/text.tsx": {"path":"/Users/stata/revolut/client/src/components/text/text.tsx","statementMap":{"0":{"start":{"line":2,"column":0},"end":{"line":2,"column":62}},"1":{"start":{"line":3,"column":14},"end":{"line":3,"column":30}},"2":{"start":{"line":4,"column":0},"end":{"line":4,"column":23}},"3":{"start":{"line":5,"column":19},"end":{"line":5,"column":34}},"4":{"start":{"line":7,"column":0},"end":{"line":13,"column":59}},"5":{"start":{"line":8,"column":4},"end":{"line":8,"column":36}},"6":{"start":{"line":9,"column":4},"end":{"line":9,"column":30}},"7":{"start":{"line":10,"column":4},"end":{"line":10,"column":35}},"8":{"start":{"line":11,"column":4},"end":{"line":11,"column":35}},"9":{"start":{"line":12,"column":4},"end":{"line":12,"column":52}},"10":{"start":{"line":15,"column":0},"end":{"line":19,"column":74}},"11":{"start":{"line":16,"column":4},"end":{"line":16,"column":41}},"12":{"start":{"line":17,"column":4},"end":{"line":17,"column":45}},"13":{"start":{"line":18,"column":4},"end":{"line":18,"column":47}},"14":{"start":{"line":21,"column":0},"end":{"line":29,"column":62}},"15":{"start":{"line":22,"column":4},"end":{"line":22,"column":33}},"16":{"start":{"line":23,"column":4},"end":{"line":23,"column":31}},"17":{"start":{"line":24,"column":4},"end":{"line":24,"column":43}},"18":{"start":{"line":25,"column":4},"end":{"line":25,"column":41}},"19":{"start":{"line":26,"column":4},"end":{"line":26,"column":45}},"20":{"start":{"line":27,"column":4},"end":{"line":27,"column":33}},"21":{"start":{"line":28,"column":4},"end":{"line":28,"column":29}},"22":{"start":{"line":30,"column":21},"end":{"line":34,"column":1}},"23":{"start":{"line":35,"column":0},"end":{"line":38,"column":2}},"24":{"start":{"line":36,"column":4},"end":{"line":37,"column":107}}},"fnMap":{"0":{"name":"(anonymous_0)","decl":{"start":{"line":7,"column":1},"end":{"line":7,"column":2}},"loc":{"start":{"line":7,"column":21},"end":{"line":13,"column":1}},"line":7},"1":{"name":"(anonymous_1)","decl":{"start":{"line":15,"column":1},"end":{"line":15,"column":2}},"loc":{"start":{"line":15,"column":26},"end":{"line":19,"column":1}},"line":15},"2":{"name":"(anonymous_2)","decl":{"start":{"line":21,"column":1},"end":{"line":21,"column":2}},"loc":{"start":{"line":21,"column":22},"end":{"line":29,"column":1}},"line":21},"3":{"name":"(anonymous_3)","decl":{"start":{"line":35,"column":15},"end":{"line":35,"column":16}},"loc":{"start":{"line":35,"column":41},"end":{"line":38,"column":1}},"line":35}},"branchMap":{"0":{"loc":{"start":{"line":13,"column":14},"end":{"line":13,"column":57}},"type":"binary-expr","locations":[{"start":{"line":13,"column":14},"end":{"line":13,"column":30}},{"start":{"line":13,"column":35},"end":{"line":13,"column":56}}],"line":13},"1":{"loc":{"start":{"line":19,"column":19},"end":{"line":19,"column":72}},"type":"binary-expr","locations":[{"start":{"line":19,"column":19},"end":{"line":19,"column":40}},{"start":{"line":19,"column":45},"end":{"line":19,"column":71}}],"line":19},"2":{"loc":{"start":{"line":29,"column":15},"end":{"line":29,"column":60}},"type":"binary-expr","locations":[{"start":{"line":29,"column":15},"end":{"line":29,"column":32}},{"start":{"line":29,"column":37},"end":{"line":29,"column":59}}],"line":29},"3":{"loc":{"start":{"line":35,"column":16},"end":{"line":35,"column":36}},"type":"default-arg","locations":[{"start":{"line":35,"column":24},"end":{"line":35,"column":36}}],"line":35}},"s":{"0":5,"1":5,"2":5,"3":5,"4":5,"5":5,"6":5,"7":5,"8":5,"9":5,"10":5,"11":5,"12":5,"13":5,"14":5,"15":5,"16":5,"17":5,"18":5,"19":5,"20":5,"21":5,"22":5,"23":5,"24":0},"f":{"0":5,"1":5,"2":5,"3":0},"b":{"0":[5,5],"1":[5,5],"2":[5,5],"3":[0]},"_coverageSchema":"43e27e138ebf9cfc5966b082cf9a028302ed4184","hash":"276d2d7b0b6685132747db39f2e48512b47d04f5"}
,"/Users/stata/revolut/client/src/components/transactions/transactions.tsx": {"path":"/Users/stata/revolut/client/src/components/transactions/transactions.tsx","statementMap":{"0":{"start":{"line":2,"column":0},"end":{"line":2,"column":62}},"1":{"start":{"line":3,"column":14},"end":{"line":3,"column":30}},"2":{"start":{"line":4,"column":15},"end":{"line":4,"column":38}},"3":{"start":{"line":5,"column":0},"end":{"line":5,"column":31}},"4":{"start":{"line":6,"column":19},"end":{"line":6,"column":41}},"5":{"start":{"line":7,"column":0},"end":{"line":10,"column":2}},"6":{"start":{"line":8,"column":4},"end":{"line":9,"column":145}}},"fnMap":{"0":{"name":"(anonymous_0)","decl":{"start":{"line":7,"column":23},"end":{"line":7,"column":24}},"loc":{"start":{"line":7,"column":29},"end":{"line":10,"column":1}},"line":7}},"branchMap":{},"s":{"0":2,"1":2,"2":2,"3":2,"4":2,"5":2,"6":0},"f":{"0":0},"b":{},"_coverageSchema":"43e27e138ebf9cfc5966b082cf9a028302ed4184","hash":"a64ed51c34a62e6f8f8314b027499d238a3f5c79"}
,"/Users/stata/revolut/client/src/components/wallet/wallet.tsx": {"path":"/Users/stata/revolut/client/src/components/wallet/wallet.tsx","statementMap":{"0":{"start":{"line":2,"column":0},"end":{"line":2,"column":62}},"1":{"start":{"line":3,"column":14},"end":{"line":3,"column":30}},"2":{"start":{"line":4,"column":15},"end":{"line":4,"column":38}},"3":{"start":{"line":5,"column":0},"end":{"line":5,"column":25}},"4":{"start":{"line":6,"column":19},"end":{"line":6,"column":37}},"5":{"start":{"line":7,"column":0},"end":{"line":14,"column":2}},"6":{"start":{"line":8,"column":4},"end":{"line":13,"column":173}}},"fnMap":{"0":{"name":"(anonymous_0)","decl":{"start":{"line":7,"column":17},"end":{"line":7,"column":18}},"loc":{"start":{"line":7,"column":28},"end":{"line":14,"column":1}},"line":7}},"branchMap":{},"s":{"0":4,"1":4,"2":4,"3":4,"4":4,"5":4,"6":3},"f":{"0":3},"b":{},"_coverageSchema":"43e27e138ebf9cfc5966b082cf9a028302ed4184","hash":"496961dd6e2611cda7b17411105fa8fa7f4c0679"}
,"/Users/stata/revolut/client/src/components/wallet/wallets.tsx": {"path":"/Users/stata/revolut/client/src/components/wallet/wallets.tsx","statementMap":{"0":{"start":{"line":2,"column":0},"end":{"line":2,"column":62}},"1":{"start":{"line":3,"column":14},"end":{"line":3,"column":30}},"2":{"start":{"line":4,"column":17},"end":{"line":4,"column":36}},"3":{"start":{"line":5,"column":0},"end":{"line":5,"column":25}},"4":{"start":{"line":6,"column":19},"end":{"line":6,"column":37}},"5":{"start":{"line":7,"column":0},"end":{"line":12,"column":2}},"6":{"start":{"line":8,"column":20},"end":{"line":10,"column":6}},"7":{"start":{"line":9,"column":8},"end":{"line":9,"column":181}},"8":{"start":{"line":11,"column":4},"end":{"line":11,"column":81}}},"fnMap":{"0":{"name":"(anonymous_0)","decl":{"start":{"line":7,"column":18},"end":{"line":7,"column":19}},"loc":{"start":{"line":7,"column":29},"end":{"line":12,"column":1}},"line":7},"1":{"name":"(anonymous_1)","decl":{"start":{"line":8,"column":38},"end":{"line":8,"column":39}},"loc":{"start":{"line":8,"column":50},"end":{"line":10,"column":5}},"line":8}},"branchMap":{},"s":{"0":3,"1":3,"2":3,"3":3,"4":3,"5":3,"6":1,"7":3,"8":1},"f":{"0":1,"1":3},"b":{},"_coverageSchema":"43e27e138ebf9cfc5966b082cf9a028302ed4184","hash":"d168d8718ef199313aca868cbd5d257ccdb715a5"}
,"/Users/stata/revolut/client/src/containers/exchange.ts": {"path":"/Users/stata/revolut/client/src/containers/exchange.ts","statementMap":{"0":{"start":{"line":2,"column":0},"end":{"line":2,"column":62}},"1":{"start":{"line":3,"column":16},"end":{"line":3,"column":32}},"2":{"start":{"line":4,"column":22},"end":{"line":4,"column":44}},"3":{"start":{"line":5,"column":15},"end":{"line":5,"column":49}},"4":{"start":{"line":6,"column":19},"end":{"line":6,"column":49}},"5":{"start":{"line":7,"column":18},"end":{"line":7,"column":47}},"6":{"start":{"line":9,"column":4},"end":{"line":9,"column":75}},"7":{"start":{"line":11,"column":0},"end":{"line":11,"column":42}},"8":{"start":{"line":13,"column":4},"end":{"line":24,"column":17}},"9":{"start":{"line":26,"column":0},"end":{"line":26,"column":90}}},"fnMap":{"0":{"name":"mapStateToProps","decl":{"start":{"line":8,"column":9},"end":{"line":8,"column":24}},"loc":{"start":{"line":8,"column":32},"end":{"line":10,"column":1}},"line":8},"1":{"name":"mapDispatchToProps","decl":{"start":{"line":12,"column":9},"end":{"line":12,"column":27}},"loc":{"start":{"line":12,"column":38},"end":{"line":25,"column":1}},"line":12}},"branchMap":{},"s":{"0":1,"1":1,"2":1,"3":1,"4":1,"5":1,"6":1,"7":1,"8":0,"9":1},"f":{"0":1,"1":0},"b":{},"_coverageSchema":"43e27e138ebf9cfc5966b082cf9a028302ed4184","hash":"ab12084e562d7385d0855c03ab9e10803e7dffae"}
,"/Users/stata/revolut/client/src/reducers/exchange.ts": {"path":"/Users/stata/revolut/client/src/reducers/exchange.ts","statementMap":{"0":{"start":{"line":2,"column":0},"end":{"line":2,"column":62}},"1":{"start":{"line":3,"column":16},"end":{"line":3,"column":43}},"2":{"start":{"line":4,"column":23},"end":{"line":4,"column":62}},"3":{"start":{"line":5,"column":21},"end":{"line":13,"column":1}},"4":{"start":{"line":14,"column":0},"end":{"line":61,"column":2}},"5":{"start":{"line":15,"column":4},"end":{"line":60,"column":5}},"6":{"start":{"line":17,"column":12},"end":{"line":20,"column":13}},"7":{"start":{"line":18,"column":29},"end":{"line":18,"column":66}},"8":{"start":{"line":19,"column":16},"end":{"line":19,"column":187}},"9":{"start":{"line":23,"column":12},"end":{"line":23,"column":98}},"10":{"start":{"line":26,"column":31},"end":{"line":26,"column":57}},"11":{"start":{"line":27,"column":36},"end":{"line":27,"column":75}},"12":{"start":{"line":28,"column":12},"end":{"line":29,"column":129}},"13":{"start":{"line":32,"column":12},"end":{"line":32,"column":128}},"14":{"start":{"line":35,"column":12},"end":{"line":35,"column":120}},"15":{"start":{"line":38,"column":12},"end":{"line":38,"column":195}},"16":{"start":{"line":41,"column":12},"end":{"line":41,"column":207}},"17":{"start":{"line":44,"column":12},"end":{"line":44,"column":97}},"18":{"start":{"line":47,"column":12},"end":{"line":47,"column":130}},"19":{"start":{"line":50,"column":12},"end":{"line":50,"column":110}},"20":{"start":{"line":53,"column":12},"end":{"line":53,"column":118}},"21":{"start":{"line":56,"column":12},"end":{"line":56,"column":74}},"22":{"start":{"line":59,"column":12},"end":{"line":59,"column":25}},"23":{"start":{"line":62,"column":20},"end":{"line":71,"column":1}},"24":{"start":{"line":63,"column":26},"end":{"line":66,"column":6}},"25":{"start":{"line":67,"column":4},"end":{"line":70,"column":6}}},"fnMap":{"0":{"name":"(anonymous_0)","decl":{"start":{"line":14,"column":26},"end":{"line":14,"column":27}},"loc":{"start":{"line":14,"column":60},"end":{"line":61,"column":1}},"line":14},"1":{"name":"(anonymous_1)","decl":{"start":{"line":62,"column":20},"end":{"line":62,"column":21}},"loc":{"start":{"line":62,"column":35},"end":{"line":71,"column":1}},"line":62}},"branchMap":{"0":{"loc":{"start":{"line":14,"column":27},"end":{"line":14,"column":47}},"type":"default-arg","locations":[{"start":{"line":14,"column":35},"end":{"line":14,"column":47}}],"line":14},"1":{"loc":{"start":{"line":15,"column":4},"end":{"line":60,"column":5}},"type":"switch","locations":[{"start":{"line":16,"column":8},"end":{"line":21,"column":9}},{"start":{"line":22,"column":8},"end":{"line":24,"column":9}},{"start":{"line":25,"column":8},"end":{"line":30,"column":9}},{"start":{"line":31,"column":8},"end":{"line":33,"column":9}},{"start":{"line":34,"column":8},"end":{"line":36,"column":9}},{"start":{"line":37,"column":8},"end":{"line":39,"column":9}},{"start":{"line":40,"column":8},"end":{"line":42,"column":9}},{"start":{"line":43,"column":8},"end":{"line":45,"column":9}},{"start":{"line":46,"column":8},"end":{"line":48,"column":9}},{"start":{"line":49,"column":8},"end":{"line":51,"column":9}},{"start":{"line":52,"column":8},"end":{"line":54,"column":9}},{"start":{"line":55,"column":8},"end":{"line":57,"column":9}},{"start":{"line":58,"column":8},"end":{"line":59,"column":25}}],"line":15}},"s":{"0":1,"1":1,"2":1,"3":1,"4":1,"5":14,"6":1,"7":1,"8":1,"9":1,"10":1,"11":1,"12":1,"13":1,"14":1,"15":1,"16":1,"17":1,"18":1,"19":1,"20":1,"21":1,"22":2,"23":1,"24":3,"25":3},"f":{"0":14,"1":3},"b":{"0":[13],"1":[1,1,1,1,1,1,1,1,1,1,1,1,2]},"_coverageSchema":"43e27e138ebf9cfc5966b082cf9a028302ed4184","hash":"df6697804b7ac87e2e8194f5ec89ed49d320f991"}
,"/Users/stata/revolut/client/src/reducers/rootreducer.ts": {"path":"/Users/stata/revolut/client/src/reducers/rootreducer.ts","statementMap":{"0":{"start":{"line":2,"column":0},"end":{"line":2,"column":62}},"1":{"start":{"line":3,"column":16},"end":{"line":3,"column":32}},"2":{"start":{"line":4,"column":19},"end":{"line":4,"column":40}},"3":{"start":{"line":5,"column":18},"end":{"line":5,"column":38}},"4":{"start":{"line":6,"column":0},"end":{"line":9,"column":3}}},"fnMap":{},"branchMap":{},"s":{"0":0,"1":0,"2":0,"3":0,"4":0},"f":{},"b":{},"hash":"2c6daf171f68685b2c2649408c9992b70cd9caef"}
,"/Users/stata/revolut/client/src/reducers/wallets.ts": {"path":"/Users/stata/revolut/client/src/reducers/wallets.ts","statementMap":{"0":{"start":{"line":2,"column":0},"end":{"line":2,"column":62}},"1":{"start":{"line":3,"column":16},"end":{"line":3,"column":43}},"2":{"start":{"line":4,"column":23},"end":{"line":4,"column":62}},"3":{"start":{"line":5,"column":21},"end":{"line":7,"column":1}},"4":{"start":{"line":8,"column":0},"end":{"line":48,"column":2}},"5":{"start":{"line":9,"column":4},"end":{"line":47,"column":5}},"6":{"start":{"line":11,"column":28},"end":{"line":11,"column":50}},"7":{"start":{"line":12,"column":37},"end":{"line":19,"column":14}},"8":{"start":{"line":13,"column":30},"end":{"line":16,"column":17}},"9":{"start":{"line":17,"column":39},"end":{"line":17,"column":72}},"10":{"start":{"line":18,"column":16},"end":{"line":18,"column":84}},"11":{"start":{"line":20,"column":12},"end":{"line":20,"column":90}},"12":{"start":{"line":23,"column":28},"end":{"line":23,"column":42}},"13":{"start":{"line":24,"column":35},"end":{"line":42,"column":14}},"14":{"start":{"line":25,"column":30},"end":{"line":25,"column":110}},"15":{"start":{"line":25,"column":67},"end":{"line":25,"column":109}},"16":{"start":{"line":26,"column":16},"end":{"line":41,"column":17}},"17":{"start":{"line":27,"column":36},"end":{"line":27,"column":85}},"18":{"start":{"line":28,"column":20},"end":{"line":37,"column":21}},"19":{"start":{"line":29,"column":49},"end":{"line":32,"column":26}},"20":{"start":{"line":33,"column":24},"end":{"line":33,"column":119}},"21":{"start":{"line":36,"column":24},"end":{"line":36,"column":68}},"22":{"start":{"line":40,"column":20},"end":{"line":40,"column":34}},"23":{"start":{"line":43,"column":12},"end":{"line":43,"column":88}},"24":{"start":{"line":46,"column":12},"end":{"line":46,"column":25}}},"fnMap":{"0":{"name":"(anonymous_0)","decl":{"start":{"line":8,"column":24},"end":{"line":8,"column":25}},"loc":{"start":{"line":8,"column":58},"end":{"line":48,"column":1}},"line":8},"1":{"name":"(anonymous_1)","decl":{"start":{"line":12,"column":49},"end":{"line":12,"column":50}},"loc":{"start":{"line":12,"column":61},"end":{"line":19,"column":13}},"line":12},"2":{"name":"(anonymous_2)","decl":{"start":{"line":24,"column":53},"end":{"line":24,"column":54}},"loc":{"start":{"line":24,"column":65},"end":{"line":42,"column":13}},"line":24},"3":{"name":"(anonymous_3)","decl":{"start":{"line":25,"column":48},"end":{"line":25,"column":49}},"loc":{"start":{"line":25,"column":67},"end":{"line":25,"column":109}},"line":25}},"branchMap":{"0":{"loc":{"start":{"line":8,"column":25},"end":{"line":8,"column":45}},"type":"default-arg","locations":[{"start":{"line":8,"column":33},"end":{"line":8,"column":45}}],"line":8},"1":{"loc":{"start":{"line":9,"column":4},"end":{"line":47,"column":5}},"type":"switch","locations":[{"start":{"line":10,"column":8},"end":{"line":21,"column":9}},{"start":{"line":22,"column":8},"end":{"line":44,"column":9}},{"start":{"line":45,"column":8},"end":{"line":46,"column":25}}],"line":9},"2":{"loc":{"start":{"line":26,"column":16},"end":{"line":41,"column":17}},"type":"if","locations":[{"start":{"line":26,"column":16},"end":{"line":41,"column":17}},{"start":{"line":26,"column":16},"end":{"line":41,"column":17}}],"line":26},"3":{"loc":{"start":{"line":28,"column":20},"end":{"line":37,"column":21}},"type":"if","locations":[{"start":{"line":28,"column":20},"end":{"line":37,"column":21}},{"start":{"line":28,"column":20},"end":{"line":37,"column":21}}],"line":28}},"s":{"0":1,"1":1,"2":1,"3":1,"4":1,"5":3,"6":1,"7":1,"8":1,"9":1,"10":1,"11":1,"12":1,"13":1,"14":1,"15":1,"16":1,"17":1,"18":1,"19":1,"20":1,"21":0,"22":0,"23":1,"24":1},"f":{"0":3,"1":1,"2":1,"3":1},"b":{"0":[2],"1":[1,1,1],"2":[1,0],"3":[1,0]},"_coverageSchema":"43e27e138ebf9cfc5966b082cf9a028302ed4184","hash":"80d6ec5254c66d9f95edd332c263f65551675531"}
}
