TN:
SF:/Users/stata/revolut/client/src/index.tsx
FN:9,(anonymous_0)
FNF:1
FNH:0
FNDA:0,(anonymous_0)
DA:2,0
DA:3,0
DA:4,0
DA:5,0
DA:6,0
DA:7,0
DA:10,0
DA:14,0
DA:15,0
LF:9
LH:0
BRF:0
BRH:0
end_of_record
TN:
SF:/Users/stata/revolut/client/src/store.ts
FNF:0
FNH:0
DA:2,0
DA:3,0
DA:4,0
DA:5,0
DA:6,0
DA:7,0
DA:8,0
DA:9,0
LF:8
LH:0
BRF:0
BRH:0
end_of_record
TN:
SF:/Users/stata/revolut/client/src/actions/exchange.ts
FN:6,(anonymous_0)
FN:12,(anonymous_1)
FN:12,(anonymous_2)
FN:15,(anonymous_3)
FN:16,(anonymous_4)
FN:19,(anonymous_5)
FN:23,(anonymous_6)
FN:28,(anonymous_7)
FN:34,(anonymous_8)
FN:39,(anonymous_9)
FN:44,(anonymous_10)
FN:49,(anonymous_11)
FN:54,(anonymous_12)
FN:54,(anonymous_13)
FN:67,(anonymous_14)
FN:67,(anonymous_15)
FN:80,(anonymous_16)
FN:80,(anonymous_17)
FNF:18
FNH:17
FNDA:1,(anonymous_0)
FNDA:1,(anonymous_1)
FNDA:1,(anonymous_2)
FNDA:1,(anonymous_3)
FNDA:1,(anonymous_4)
FNDA:0,(anonymous_5)
FNDA:2,(anonymous_6)
FNDA:1,(anonymous_7)
FNDA:1,(anonymous_8)
FNDA:1,(anonymous_9)
FNDA:2,(anonymous_10)
FNDA:4,(anonymous_11)
FNDA:3,(anonymous_12)
FNDA:3,(anonymous_13)
FNDA:3,(anonymous_14)
FNDA:3,(anonymous_15)
FNDA:2,(anonymous_16)
FNDA:2,(anonymous_17)
DA:2,2
DA:3,2
DA:4,2
DA:5,2
DA:6,2
DA:7,1
DA:12,2
DA:13,1
DA:14,1
DA:15,1
DA:17,1
DA:20,0
DA:23,2
DA:24,2
DA:28,2
DA:29,1
DA:34,2
DA:35,1
DA:39,2
DA:40,1
DA:44,2
DA:45,2
DA:49,2
DA:50,4
DA:54,3
DA:55,3
DA:60,3
DA:61,1
DA:64,2
DA:67,3
DA:68,3
DA:73,3
DA:74,1
DA:77,2
DA:80,2
DA:81,2
DA:82,1
DA:85,1
DA:92,1
DA:93,1
DA:94,1
DA:97,0
DA:103,1
LF:43
LH:41
BRDA:60,0,0,1
BRDA:60,0,1,2
BRDA:60,1,0,3
BRDA:60,1,1,2
BRDA:73,2,0,1
BRDA:73,2,1,2
BRDA:73,3,0,3
BRDA:73,3,1,2
BRDA:81,4,0,1
BRDA:81,4,1,1
BRF:10
BRH:10
end_of_record
TN:
SF:/Users/stata/revolut/client/src/actions/types.ts
FNF:0
FNH:0
DA:2,5
DA:3,5
DA:4,5
DA:5,5
DA:6,5
DA:7,5
DA:8,5
DA:9,5
DA:10,5
DA:11,5
DA:12,5
DA:13,5
DA:14,5
DA:15,5
DA:16,5
LF:15
LH:15
BRF:0
BRH:0
end_of_record
TN:
SF:/Users/stata/revolut/client/src/actions/wallets.ts
FN:5,(anonymous_0)
FN:5,(anonymous_1)
FN:7,(anonymous_2)
FN:8,(anonymous_3)
FN:15,(anonymous_4)
FN:20,(anonymous_5)
FN:20,(anonymous_6)
FNF:7
FNH:6
FNDA:1,(anonymous_0)
FNDA:1,(anonymous_1)
FNDA:1,(anonymous_2)
FNDA:1,(anonymous_3)
FNDA:0,(anonymous_4)
FNDA:2,(anonymous_5)
FNDA:2,(anonymous_6)
DA:2,3
DA:3,3
DA:4,3
DA:5,3
DA:6,1
DA:7,1
DA:10,1
DA:17,0
DA:20,3
DA:21,2
LF:10
LH:9
BRF:0
BRH:0
end_of_record
TN:
SF:/Users/stata/revolut/client/src/components/exchange/exchange.tsx
FN:11,(anonymous_0)
FN:15,(anonymous_1)
FN:18,(anonymous_2)
FN:20,(anonymous_3)
FN:24,(anonymous_4)
FN:29,(anonymous_5)
FN:34,(anonymous_6)
FN:44,(anonymous_7)
FN:48,(anonymous_8)
FN:54,(anonymous_9)
FN:54,(anonymous_10)
FN:59,(anonymous_11)
FN:62,(anonymous_12)
FN:62,(anonymous_13)
FN:71,(anonymous_14)
FN:73,(anonymous_15)
FNF:16
FNH:8
FNDA:6,(anonymous_0)
FNDA:0,(anonymous_1)
FNDA:3,(anonymous_2)
FNDA:0,(anonymous_3)
FNDA:2,(anonymous_4)
FNDA:1,(anonymous_5)
FNDA:1,(anonymous_6)
FNDA:2,(anonymous_7)
FNDA:6,(anonymous_8)
FNDA:0,(anonymous_9)
FNDA:0,(anonymous_10)
FNDA:0,(anonymous_11)
FNDA:0,(anonymous_12)
FNDA:0,(anonymous_13)
FNDA:1,(anonymous_14)
FNDA:0,(anonymous_15)
DA:2,3
DA:3,3
DA:4,3
DA:5,3
DA:6,3
DA:7,3
DA:8,3
DA:9,3
DA:12,6
DA:13,6
DA:16,0
DA:19,3
DA:20,3
DA:21,0
DA:25,2
DA:26,2
DA:27,2
DA:30,1
DA:31,1
DA:32,1
DA:35,1
DA:36,1
DA:37,0
DA:38,0
DA:39,0
DA:42,1
DA:45,2
DA:46,2
DA:49,6
DA:54,0
DA:59,0
DA:62,0
DA:71,1
DA:73,0
DA:77,3
LF:35
LH:26
BRDA:27,0,0,2
BRDA:27,0,1,2
BRDA:32,1,0,1
BRDA:32,1,1,1
BRDA:36,2,0,0
BRDA:36,2,1,1
BRDA:38,3,0,0
BRDA:38,3,1,0
BRF:8
BRH:5
end_of_record
TN:
SF:/Users/stata/revolut/client/src/components/home/home.tsx
FN:12,(anonymous_0)
FN:15,(anonymous_1)
FN:18,(anonymous_2)
FN:26,(anonymous_3)
FNF:4
FNH:2
FNDA:3,(anonymous_0)
FNDA:0,(anonymous_1)
FNDA:3,(anonymous_2)
FNDA:0,(anonymous_3)
DA:2,2
DA:3,2
DA:4,2
DA:5,2
DA:6,2
DA:7,2
DA:8,2
DA:9,2
DA:10,2
DA:13,3
DA:16,0
DA:19,3
DA:20,3
DA:26,0
DA:33,2
LF:15
LH:13
BRDA:22,0,0,3
BRDA:22,0,1,2
BRDA:29,1,0,3
BRDA:29,1,1,1
BRF:4
BRH:4
end_of_record
TN:
SF:/Users/stata/revolut/client/src/components/select-box/select-box.tsx
FN:6,(anonymous_0)
FN:7,(anonymous_1)
FN:8,(anonymous_2)
FN:13,(anonymous_3)
FNF:4
FNH:2
FNDA:5,(anonymous_0)
FNDA:10,(anonymous_1)
FNDA:0,(anonymous_2)
FNDA:0,(anonymous_3)
DA:2,4
DA:3,4
DA:4,4
DA:5,4
DA:6,4
DA:7,5
DA:8,10
DA:12,5
DA:13,0
LF:9
LH:8
BRDA:14,0,0,5
BRDA:14,0,1,4
BRF:2
BRH:2
end_of_record
TN:
SF:/Users/stata/revolut/client/src/components/text/text.tsx
FN:7,(anonymous_0)
FN:15,(anonymous_1)
FN:21,(anonymous_2)
FN:35,(anonymous_3)
FNF:4
FNH:3
FNDA:5,(anonymous_0)
FNDA:5,(anonymous_1)
FNDA:5,(anonymous_2)
FNDA:0,(anonymous_3)
DA:2,5
DA:3,5
DA:4,5
DA:5,5
DA:7,5
DA:8,5
DA:9,5
DA:10,5
DA:11,5
DA:12,5
DA:15,5
DA:16,5
DA:17,5
DA:18,5
DA:21,5
DA:22,5
DA:23,5
DA:24,5
DA:25,5
DA:26,5
DA:27,5
DA:28,5
DA:30,5
DA:35,5
DA:36,0
LF:25
LH:24
BRDA:13,0,0,5
BRDA:13,0,1,5
BRDA:19,1,0,5
BRDA:19,1,1,5
BRDA:29,2,0,5
BRDA:29,2,1,5
BRDA:35,3,0,0
BRF:7
BRH:6
end_of_record
TN:
SF:/Users/stata/revolut/client/src/components/transactions/transactions.tsx
FN:7,(anonymous_0)
FNF:1
FNH:0
FNDA:0,(anonymous_0)
DA:2,2
DA:3,2
DA:4,2
DA:5,2
DA:6,2
DA:7,2
DA:8,0
LF:7
LH:6
BRF:0
BRH:0
end_of_record
TN:
SF:/Users/stata/revolut/client/src/components/wallet/wallet.tsx
FN:7,(anonymous_0)
FNF:1
FNH:1
FNDA:3,(anonymous_0)
DA:2,4
DA:3,4
DA:4,4
DA:5,4
DA:6,4
DA:7,4
DA:8,3
LF:7
LH:7
BRF:0
BRH:0
end_of_record
TN:
SF:/Users/stata/revolut/client/src/components/wallet/wallets.tsx
FN:7,(anonymous_0)
FN:8,(anonymous_1)
FNF:2
FNH:2
FNDA:1,(anonymous_0)
FNDA:3,(anonymous_1)
DA:2,3
DA:3,3
DA:4,3
DA:5,3
DA:6,3
DA:7,3
DA:8,1
DA:9,3
DA:11,1
LF:9
LH:9
BRF:0
BRH:0
end_of_record
TN:
SF:/Users/stata/revolut/client/src/containers/exchange.ts
FN:8,mapStateToProps
FN:12,mapDispatchToProps
FNF:2
FNH:1
FNDA:1,mapStateToProps
FNDA:0,mapDispatchToProps
DA:2,1
DA:3,1
DA:4,1
DA:5,1
DA:6,1
DA:7,1
DA:9,1
DA:11,1
DA:13,0
DA:26,1
LF:10
LH:9
BRF:0
BRH:0
end_of_record
TN:
SF:/Users/stata/revolut/client/src/reducers/exchange.ts
FN:14,(anonymous_0)
FN:62,(anonymous_1)
FNF:2
FNH:2
FNDA:14,(anonymous_0)
FNDA:3,(anonymous_1)
DA:2,1
DA:3,1
DA:4,1
DA:5,1
DA:14,1
DA:15,14
DA:17,1
DA:18,1
DA:19,1
DA:23,1
DA:26,1
DA:27,1
DA:28,1
DA:32,1
DA:35,1
DA:38,1
DA:41,1
DA:44,1
DA:47,1
DA:50,1
DA:53,1
DA:56,1
DA:59,2
DA:62,1
DA:63,3
DA:67,3
LF:26
LH:26
BRDA:14,0,0,13
BRDA:15,1,0,1
BRDA:15,1,1,1
BRDA:15,1,2,1
BRDA:15,1,3,1
BRDA:15,1,4,1
BRDA:15,1,5,1
BRDA:15,1,6,1
BRDA:15,1,7,1
BRDA:15,1,8,1
BRDA:15,1,9,1
BRDA:15,1,10,1
BRDA:15,1,11,1
BRDA:15,1,12,2
BRF:14
BRH:14
end_of_record
TN:
SF:/Users/stata/revolut/client/src/reducers/rootreducer.ts
FNF:0
FNH:0
DA:2,0
DA:3,0
DA:4,0
DA:5,0
DA:6,0
LF:5
LH:0
BRF:0
BRH:0
end_of_record
TN:
SF:/Users/stata/revolut/client/src/reducers/wallets.ts
FN:8,(anonymous_0)
FN:12,(anonymous_1)
FN:24,(anonymous_2)
FN:25,(anonymous_3)
FNF:4
FNH:4
FNDA:3,(anonymous_0)
FNDA:1,(anonymous_1)
FNDA:1,(anonymous_2)
FNDA:1,(anonymous_3)
DA:2,1
DA:3,1
DA:4,1
DA:5,1
DA:8,1
DA:9,3
DA:11,1
DA:12,1
DA:13,1
DA:17,1
DA:18,1
DA:20,1
DA:23,1
DA:24,1
DA:25,1
DA:26,1
DA:27,1
DA:28,1
DA:29,1
DA:33,1
DA:36,0
DA:40,0
DA:43,1
DA:46,1
LF:24
LH:22
BRDA:8,0,0,2
BRDA:9,1,0,1
BRDA:9,1,1,1
BRDA:9,1,2,1
BRDA:26,2,0,1
BRDA:26,2,1,0
BRDA:28,3,0,1
BRDA:28,3,1,0
BRF:8
BRH:6
end_of_record
